[2024-06-12 15:03:56,288: INFO: common: yaml file: config/config.yaml loaded successfully]
[2024-06-12 15:03:56,295: INFO: common: yaml file: params.yaml loaded successfully]
[2024-06-12 15:03:56,296: INFO: common: created directory at: artifacts]
[2024-06-12 15:03:56,298: INFO: common: created directory at: artifacts/data_ingestion]
[2024-06-12 15:03:56,299: INFO: 1630606363: Downloading data from https://drive.google.com/file/d/1hetGbKR9sCqregkcIAk6-3-AapZ9mpOo/view?usp=sharing into file artifacts/data_ingestion/data.zip]
[2024-06-12 15:08:04,570: INFO: 1630606363: Downloaded data from https://drive.google.com/file/d/1hetGbKR9sCqregkcIAk6-3-AapZ9mpOo/view?usp=sharing into file artifacts/data_ingestion/data.zip]
[2024-06-12 15:09:42,553: INFO: common: yaml file: config/config.yaml loaded successfully]
[2024-06-12 15:09:42,558: INFO: common: yaml file: params.yaml loaded successfully]
[2024-06-12 15:09:42,559: INFO: common: created directory at: artifacts]
[2024-06-12 15:09:42,561: INFO: common: created directory at: artifacts/prepare_base_model]
[2024-06-12 15:09:42,964: WARNING: saving_utils: Compiled the loaded model, but the compiled metrics have yet to be built. `model.compile_metrics` will be empty until you train or evaluate the model.]
[2024-06-12 15:09:43,025: WARNING: optimizer: At this time, the v2.11+ optimizer `tf.keras.optimizers.SGD` runs slowly on M1/M2 Macs, please use the legacy Keras optimizer instead, located at `tf.keras.optimizers.legacy.SGD`.]
[2024-06-12 15:09:43,027: WARNING: __init__: There is a known slowdown when using v2.11+ Keras optimizers on M1/M2 Macs. Falling back to the legacy Keras optimizer, i.e., `tf.keras.optimizers.legacy.SGD`.]
[2024-06-12 15:09:50,409: INFO: common: yaml file: config/config.yaml loaded successfully]
[2024-06-12 15:09:50,411: INFO: common: yaml file: params.yaml loaded successfully]
[2024-06-12 15:09:50,412: INFO: common: created directory at: artifacts]
[2024-06-12 15:09:50,413: INFO: common: created directory at: artifacts/prepare_base_model]
[2024-06-12 15:09:50,632: WARNING: saving_utils: Compiled the loaded model, but the compiled metrics have yet to be built. `model.compile_metrics` will be empty until you train or evaluate the model.]
[2024-06-12 15:09:50,681: WARNING: optimizer: At this time, the v2.11+ optimizer `tf.keras.optimizers.SGD` runs slowly on M1/M2 Macs, please use the legacy Keras optimizer instead, located at `tf.keras.optimizers.legacy.SGD`.]
[2024-06-12 15:09:50,682: WARNING: __init__: There is a known slowdown when using v2.11+ Keras optimizers on M1/M2 Macs. Falling back to the legacy Keras optimizer, i.e., `tf.keras.optimizers.legacy.SGD`.]
[2024-06-12 15:13:31,085: INFO: common: yaml file: config/config.yaml loaded successfully]
[2024-06-12 15:13:31,091: INFO: common: yaml file: params.yaml loaded successfully]
[2024-06-12 15:13:31,092: INFO: common: created directory at: artifacts]
[2024-06-12 15:13:31,092: INFO: common: created directory at: artifacts/training]
[2024-06-12 15:15:24,693: INFO: common: yaml file: config/config.yaml loaded successfully]
[2024-06-12 15:15:24,697: INFO: common: yaml file: params.yaml loaded successfully]
[2024-06-12 15:15:24,698: INFO: common: created directory at: artifacts]
[2024-06-12 15:15:24,699: INFO: common: created directory at: artifacts/training]
[2024-06-12 15:15:39,339: INFO: common: yaml file: config/config.yaml loaded successfully]
[2024-06-12 15:15:39,345: INFO: common: yaml file: params.yaml loaded successfully]
[2024-06-12 15:15:39,347: INFO: common: created directory at: artifacts]
[2024-06-12 15:15:39,348: INFO: common: created directory at: artifacts/training]
[2024-06-12 15:18:33,116: INFO: common: yaml file: config/config.yaml loaded successfully]
[2024-06-12 15:18:33,120: INFO: common: yaml file: params.yaml loaded successfully]
[2024-06-12 15:18:33,121: INFO: common: created directory at: artifacts]
[2024-06-12 15:18:33,122: INFO: common: created directory at: artifacts/training]
